d:\visual studio solutions\sdlgame2\sdlgame2\build\sdlgame2.exe
d:\visual studio solutions\sdlgame2\sdlgame2\build\sdlgame2.pdb
d:\visual studio solutions\sdlgame2\sdlgame2\build\intermediates\utility_vjq4nighlubykt5v.ifc
d:\visual studio solutions\sdlgame2\sdlgame2\build\intermediates\utility_vjq4nighlubykt5v.ifc.d.json
d:\visual studio solutions\sdlgame2\sdlgame2\build\intermediates\utility_vjq4nighlubykt5v.obj
d:\visual studio solutions\sdlgame2\sdlgame2\build\intermediates\.d.json
d:\visual studio solutions\sdlgame2\sdlgame2\build\intermediates\vector2.obj
d:\visual studio solutions\sdlgame2\sdlgame2\build\intermediates\limits_1kgoskmndiruc1wd.ifc
d:\visual studio solutions\sdlgame2\sdlgame2\build\intermediates\limits_1kgoskmndiruc1wd.ifc.d.json
d:\visual studio solutions\sdlgame2\sdlgame2\build\intermediates\limits_1kgoskmndiruc1wd.obj
d:\visual studio solutions\sdlgame2\sdlgame2\build\intermediates\microsoft\stl\std.compat.ixx.ifc
d:\visual studio solutions\sdlgame2\sdlgame2\build\intermediates\microsoft\stl\std.compat.ixx.ifc.d.json
d:\visual studio solutions\sdlgame2\sdlgame2\build\intermediates\microsoft\stl\std.compat.ixx.obj
d:\visual studio solutions\sdlgame2\sdlgame2\build\intermediates\initializer_list_x4306m020yyjp7m3.ifc
d:\visual studio solutions\sdlgame2\sdlgame2\build\intermediates\initializer_list_x4306m020yyjp7m3.ifc.d.json
d:\visual studio solutions\sdlgame2\sdlgame2\build\intermediates\initializer_list_x4306m020yyjp7m3.obj
d:\visual studio solutions\sdlgame2\sdlgame2\build\intermediates\__msvc_bit_utils.hpp_u3z9wkzys6hzqjxy.ifc
d:\visual studio solutions\sdlgame2\sdlgame2\build\intermediates\__msvc_bit_utils.hpp_u3z9wkzys6hzqjxy.ifc.d.json
d:\visual studio solutions\sdlgame2\sdlgame2\build\intermediates\__msvc_bit_utils.hpp_u3z9wkzys6hzqjxy.obj
d:\visual studio solutions\sdlgame2\sdlgame2\build\intermediates\projectile.obj
d:\visual studio solutions\sdlgame2\sdlgame2\build\intermediates\vector_5ku7ncd7yc2bk02p.ifc
d:\visual studio solutions\sdlgame2\sdlgame2\build\intermediates\vector_5ku7ncd7yc2bk02p.ifc.d.json
d:\visual studio solutions\sdlgame2\sdlgame2\build\intermediates\vector_5ku7ncd7yc2bk02p.obj
d:\visual studio solutions\sdlgame2\sdlgame2\build\intermediates\xstring_d1capz80riav14zu.ifc
d:\visual studio solutions\sdlgame2\sdlgame2\build\intermediates\xstring_d1capz80riav14zu.ifc.d.json
d:\visual studio solutions\sdlgame2\sdlgame2\build\intermediates\xstring_d1capz80riav14zu.obj
d:\visual studio solutions\sdlgame2\sdlgame2\build\intermediates\xmemory_gouv78l1xithvc5n.ifc
d:\visual studio solutions\sdlgame2\sdlgame2\build\intermediates\xmemory_gouv78l1xithvc5n.ifc.d.json
d:\visual studio solutions\sdlgame2\sdlgame2\build\intermediates\xmemory_gouv78l1xithvc5n.obj
d:\visual studio solutions\sdlgame2\sdlgame2\build\intermediates\cstdio_3husabq7qfwjx8ox.ifc
d:\visual studio solutions\sdlgame2\sdlgame2\build\intermediates\cstdio_3husabq7qfwjx8ox.ifc.d.json
d:\visual studio solutions\sdlgame2\sdlgame2\build\intermediates\cstdio_3husabq7qfwjx8ox.obj
d:\visual studio solutions\sdlgame2\sdlgame2\build\intermediates\cctype_rcpyh22rknjjcz3e.ifc
d:\visual studio solutions\sdlgame2\sdlgame2\build\intermediates\cctype_rcpyh22rknjjcz3e.ifc.d.json
d:\visual studio solutions\sdlgame2\sdlgame2\build\intermediates\cctype_rcpyh22rknjjcz3e.obj
d:\visual studio solutions\sdlgame2\sdlgame2\build\intermediates\__msvc_formatter.hpp_fnr75w2u8vg9lbbx.ifc
d:\visual studio solutions\sdlgame2\sdlgame2\build\intermediates\__msvc_formatter.hpp_fnr75w2u8vg9lbbx.ifc.d.json
d:\visual studio solutions\sdlgame2\sdlgame2\build\intermediates\__msvc_formatter.hpp_fnr75w2u8vg9lbbx.obj
d:\visual studio solutions\sdlgame2\sdlgame2\build\intermediates\player.obj
d:\visual studio solutions\sdlgame2\sdlgame2\build\intermediates\compare_wdhidu5kgtduh5fv.ifc
d:\visual studio solutions\sdlgame2\sdlgame2\build\intermediates\compare_wdhidu5kgtduh5fv.ifc.d.json
d:\visual studio solutions\sdlgame2\sdlgame2\build\intermediates\compare_wdhidu5kgtduh5fv.obj
d:\visual studio solutions\sdlgame2\sdlgame2\build\intermediates\xpolymorphic_allocator.h_lth6p9p5sevgjp1h.ifc
d:\visual studio solutions\sdlgame2\sdlgame2\build\intermediates\xpolymorphic_allocator.h_lth6p9p5sevgjp1h.ifc.d.json
d:\visual studio solutions\sdlgame2\sdlgame2\build\intermediates\xpolymorphic_allocator.h_lth6p9p5sevgjp1h.obj
d:\visual studio solutions\sdlgame2\sdlgame2\build\intermediates\cstddef_tdp0bioogozi9132.ifc
d:\visual studio solutions\sdlgame2\sdlgame2\build\intermediates\cstddef_tdp0bioogozi9132.ifc.d.json
d:\visual studio solutions\sdlgame2\sdlgame2\build\intermediates\cstddef_tdp0bioogozi9132.obj
d:\visual studio solutions\sdlgame2\sdlgame2\build\intermediates\climits_fui6hl1o3b1e4dmc.ifc
d:\visual studio solutions\sdlgame2\sdlgame2\build\intermediates\climits_fui6hl1o3b1e4dmc.ifc.d.json
d:\visual studio solutions\sdlgame2\sdlgame2\build\intermediates\climits_fui6hl1o3b1e4dmc.obj
d:\visual studio solutions\sdlgame2\sdlgame2\build\intermediates\cstdint_0a8fknav6f1fk0yl.ifc
d:\visual studio solutions\sdlgame2\sdlgame2\build\intermediates\cstdint_0a8fknav6f1fk0yl.ifc.d.json
d:\visual studio solutions\sdlgame2\sdlgame2\build\intermediates\cstdint_0a8fknav6f1fk0yl.obj
d:\visual studio solutions\sdlgame2\sdlgame2\build\intermediates\__msvc_string_view.hpp_9ipwb6ykcc8dipwu.ifc
d:\visual studio solutions\sdlgame2\sdlgame2\build\intermediates\__msvc_string_view.hpp_9ipwb6ykcc8dipwu.ifc.d.json
d:\visual studio solutions\sdlgame2\sdlgame2\build\intermediates\__msvc_string_view.hpp_9ipwb6ykcc8dipwu.obj
d:\visual studio solutions\sdlgame2\sdlgame2\build\intermediates\xatomic.h_n451fn2q6ssymoo8.ifc
d:\visual studio solutions\sdlgame2\sdlgame2\build\intermediates\xatomic.h_n451fn2q6ssymoo8.ifc.d.json
d:\visual studio solutions\sdlgame2\sdlgame2\build\intermediates\xatomic.h_n451fn2q6ssymoo8.obj
d:\visual studio solutions\sdlgame2\sdlgame2\build\intermediates\__msvc_iter_core.hpp_5ebmpkkdjgv0mvot.ifc
d:\visual studio solutions\sdlgame2\sdlgame2\build\intermediates\__msvc_iter_core.hpp_5ebmpkkdjgv0mvot.ifc.d.json
d:\visual studio solutions\sdlgame2\sdlgame2\build\intermediates\__msvc_iter_core.hpp_5ebmpkkdjgv0mvot.obj
d:\visual studio solutions\sdlgame2\sdlgame2\build\intermediates\exception_zp91isubvfm42net.ifc
d:\visual studio solutions\sdlgame2\sdlgame2\build\intermediates\exception_zp91isubvfm42net.ifc.d.json
d:\visual studio solutions\sdlgame2\sdlgame2\build\intermediates\exception_zp91isubvfm42net.obj
d:\visual studio solutions\sdlgame2\sdlgame2\build\intermediates\__msvc_sanitizer_annotate_container.hpp_yc3qx4ar96haus4v.ifc
d:\visual studio solutions\sdlgame2\sdlgame2\build\intermediates\__msvc_sanitizer_annotate_container.hpp_yc3qx4ar96haus4v.ifc.d.json
d:\visual studio solutions\sdlgame2\sdlgame2\build\intermediates\__msvc_sanitizer_annotate_container.hpp_yc3qx4ar96haus4v.obj
d:\visual studio solutions\sdlgame2\sdlgame2\build\intermediates\string_crcavxqz4u6v155t.ifc
d:\visual studio solutions\sdlgame2\sdlgame2\build\intermediates\string_crcavxqz4u6v155t.ifc.d.json
d:\visual studio solutions\sdlgame2\sdlgame2\build\intermediates\string_crcavxqz4u6v155t.obj
d:\visual studio solutions\sdlgame2\sdlgame2\build\intermediates\type_traits_ewxypejd89a2bgqf.ifc
d:\visual studio solutions\sdlgame2\sdlgame2\build\intermediates\type_traits_ewxypejd89a2bgqf.ifc.d.json
d:\visual studio solutions\sdlgame2\sdlgame2\build\intermediates\type_traits_ewxypejd89a2bgqf.obj
d:\visual studio solutions\sdlgame2\sdlgame2\build\intermediates\iosfwd_xkbw1dv2jh1p1r5q.ifc
d:\visual studio solutions\sdlgame2\sdlgame2\build\intermediates\iosfwd_xkbw1dv2jh1p1r5q.ifc.d.json
d:\visual studio solutions\sdlgame2\sdlgame2\build\intermediates\iosfwd_xkbw1dv2jh1p1r5q.obj
d:\visual studio solutions\sdlgame2\sdlgame2\build\intermediates\main.obj
d:\visual studio solutions\sdlgame2\sdlgame2\build\intermediates\cstring_qe26as9n6ru91uiu.ifc
d:\visual studio solutions\sdlgame2\sdlgame2\build\intermediates\cstring_qe26as9n6ru91uiu.ifc.d.json
d:\visual studio solutions\sdlgame2\sdlgame2\build\intermediates\cstring_qe26as9n6ru91uiu.obj
d:\visual studio solutions\sdlgame2\sdlgame2\build\intermediates\microsoft\stl\std.ixx.ifc
d:\visual studio solutions\sdlgame2\sdlgame2\build\intermediates\microsoft\stl\std.ixx.ifc.d.json
d:\visual studio solutions\sdlgame2\sdlgame2\build\intermediates\microsoft\stl\std.ixx.obj
d:\visual studio solutions\sdlgame2\sdlgame2\build\intermediates\cwchar_tfoucq2fvzqe2lu1.ifc
d:\visual studio solutions\sdlgame2\sdlgame2\build\intermediates\cwchar_tfoucq2fvzqe2lu1.ifc.d.json
d:\visual studio solutions\sdlgame2\sdlgame2\build\intermediates\cwchar_tfoucq2fvzqe2lu1.obj
d:\visual studio solutions\sdlgame2\sdlgame2\build\intermediates\tuple_euqayz2ks9an9tlz.ifc
d:\visual studio solutions\sdlgame2\sdlgame2\build\intermediates\tuple_euqayz2ks9an9tlz.ifc.d.json
d:\visual studio solutions\sdlgame2\sdlgame2\build\intermediates\tuple_euqayz2ks9an9tlz.obj
d:\visual studio solutions\sdlgame2\sdlgame2\build\intermediates\cmath_bwv8l9bs6b6jjrqj.ifc
d:\visual studio solutions\sdlgame2\sdlgame2\build\intermediates\cmath_bwv8l9bs6b6jjrqj.ifc.d.json
d:\visual studio solutions\sdlgame2\sdlgame2\build\intermediates\cmath_bwv8l9bs6b6jjrqj.obj
d:\visual studio solutions\sdlgame2\sdlgame2\build\intermediates\xtr1common_ztkfhhdft0s7kkvr.ifc
d:\visual studio solutions\sdlgame2\sdlgame2\build\intermediates\xtr1common_ztkfhhdft0s7kkvr.ifc.d.json
d:\visual studio solutions\sdlgame2\sdlgame2\build\intermediates\xtr1common_ztkfhhdft0s7kkvr.obj
d:\visual studio solutions\sdlgame2\sdlgame2\build\intermediates\window.obj
d:\visual studio solutions\sdlgame2\sdlgame2\build\intermediates\array_8gat8516jwcscdi2.ifc
d:\visual studio solutions\sdlgame2\sdlgame2\build\intermediates\array_8gat8516jwcscdi2.ifc.d.json
d:\visual studio solutions\sdlgame2\sdlgame2\build\intermediates\array_8gat8516jwcscdi2.obj
d:\visual studio solutions\sdlgame2\sdlgame2\build\intermediates\cstdlib_xvk4i8bd8u6hl03t.ifc
d:\visual studio solutions\sdlgame2\sdlgame2\build\intermediates\cstdlib_xvk4i8bd8u6hl03t.ifc.d.json
d:\visual studio solutions\sdlgame2\sdlgame2\build\intermediates\cstdlib_xvk4i8bd8u6hl03t.obj
d:\visual studio solutions\sdlgame2\sdlgame2\build\intermediates\new_u6tztucmiif4cc1s.ifc
d:\visual studio solutions\sdlgame2\sdlgame2\build\intermediates\new_u6tztucmiif4cc1s.ifc.d.json
d:\visual studio solutions\sdlgame2\sdlgame2\build\intermediates\new_u6tztucmiif4cc1s.obj
d:\visual studio solutions\sdlgame2\sdlgame2\build\intermediates\concepts_xdkr0lgjid1d4cj2.ifc
d:\visual studio solutions\sdlgame2\sdlgame2\build\intermediates\concepts_xdkr0lgjid1d4cj2.ifc.d.json
d:\visual studio solutions\sdlgame2\sdlgame2\build\intermediates\concepts_xdkr0lgjid1d4cj2.obj
d:\visual studio solutions\sdlgame2\sdlgame2\build\intermediates\enemy.obj
d:\visual studio solutions\sdlgame2\sdlgame2\build\intermediates\cfloat_xps4xcn35gk03rcf.ifc
d:\visual studio solutions\sdlgame2\sdlgame2\build\intermediates\cfloat_xps4xcn35gk03rcf.ifc.d.json
d:\visual studio solutions\sdlgame2\sdlgame2\build\intermediates\cfloat_xps4xcn35gk03rcf.obj
d:\visual studio solutions\sdlgame2\sdlgame2\build\intermediates\xutility_u9dnjvdeuqyfioo0.ifc
d:\visual studio solutions\sdlgame2\sdlgame2\build\intermediates\xutility_u9dnjvdeuqyfioo0.ifc.d.json
d:\visual studio solutions\sdlgame2\sdlgame2\build\intermediates\xutility_u9dnjvdeuqyfioo0.obj
d:\visual studio solutions\sdlgame2\sdlgame2\build\intermediates\text.obj
d:\visual studio solutions\sdlgame2\sdlgame2\build\intermediates\game.obj
d:\visual studio solutions\sdlgame2\sdlgame2\build\intermediates\game.hpp_a4401p12w1jtdhag.ifc
d:\visual studio solutions\sdlgame2\sdlgame2\build\intermediates\game.hpp_a4401p12w1jtdhag.ifc.d.json
d:\visual studio solutions\sdlgame2\sdlgame2\build\intermediates\game.hpp_a4401p12w1jtdhag.obj
d:\visual studio solutions\sdlgame2\sdlgame2\build\intermediates\vector2.cpp.module.json
d:\visual studio solutions\sdlgame2\sdlgame2\build\intermediates\microsoft\stl\std.compat.ixx.module.json
d:\visual studio solutions\sdlgame2\sdlgame2\build\intermediates\window.cpp.module.json
d:\visual studio solutions\sdlgame2\sdlgame2\build\intermediates\main.cpp.module.json
d:\visual studio solutions\sdlgame2\sdlgame2\build\intermediates\player.cpp.module.json
d:\visual studio solutions\sdlgame2\sdlgame2\build\intermediates\microsoft\stl\std.ixx.module.json
d:\visual studio solutions\sdlgame2\sdlgame2\build\intermediates\enemy.cpp.module.json
d:\visual studio solutions\sdlgame2\sdlgame2\build\intermediates\projectile.cpp.module.json
d:\visual studio solutions\sdlgame2\sdlgame2\build\intermediates\text.cpp.module.json
d:\visual studio solutions\sdlgame2\sdlgame2\build\intermediates\xmemory_gouv78l1xithvc5n.module.json
d:\visual studio solutions\sdlgame2\sdlgame2\build\intermediates\cstdint_0a8fknav6f1fk0yl.module.json
d:\visual studio solutions\sdlgame2\sdlgame2\build\intermediates\iosfwd_xkbw1dv2jh1p1r5q.module.json
d:\visual studio solutions\sdlgame2\sdlgame2\build\intermediates\string_crcavxqz4u6v155t.module.json
d:\visual studio solutions\sdlgame2\sdlgame2\build\intermediates\exception_zp91isubvfm42net.module.json
d:\visual studio solutions\sdlgame2\sdlgame2\build\intermediates\cstring_qe26as9n6ru91uiu.module.json
d:\visual studio solutions\sdlgame2\sdlgame2\build\intermediates\concepts_xdkr0lgjid1d4cj2.module.json
d:\visual studio solutions\sdlgame2\sdlgame2\build\intermediates\limits_1kgoskmndiruc1wd.module.json
d:\visual studio solutions\sdlgame2\sdlgame2\build\intermediates\utility_vjq4nighlubykt5v.module.json
d:\visual studio solutions\sdlgame2\sdlgame2\build\intermediates\new_u6tztucmiif4cc1s.module.json
d:\visual studio solutions\sdlgame2\sdlgame2\build\intermediates\__msvc_bit_utils.hpp_u3z9wkzys6hzqjxy.module.json
d:\visual studio solutions\sdlgame2\sdlgame2\build\intermediates\climits_fui6hl1o3b1e4dmc.module.json
d:\visual studio solutions\sdlgame2\sdlgame2\build\intermediates\tuple_euqayz2ks9an9tlz.module.json
d:\visual studio solutions\sdlgame2\sdlgame2\build\intermediates\type_traits_ewxypejd89a2bgqf.module.json
d:\visual studio solutions\sdlgame2\sdlgame2\build\intermediates\cmath_bwv8l9bs6b6jjrqj.module.json
d:\visual studio solutions\sdlgame2\sdlgame2\build\intermediates\cwchar_tfoucq2fvzqe2lu1.module.json
d:\visual studio solutions\sdlgame2\sdlgame2\build\intermediates\vector_5ku7ncd7yc2bk02p.module.json
d:\visual studio solutions\sdlgame2\sdlgame2\build\intermediates\initializer_list_x4306m020yyjp7m3.module.json
d:\visual studio solutions\sdlgame2\sdlgame2\build\intermediates\xpolymorphic_allocator.h_lth6p9p5sevgjp1h.module.json
d:\visual studio solutions\sdlgame2\sdlgame2\build\intermediates\array_8gat8516jwcscdi2.module.json
d:\visual studio solutions\sdlgame2\sdlgame2\build\intermediates\xtr1common_ztkfhhdft0s7kkvr.module.json
d:\visual studio solutions\sdlgame2\sdlgame2\build\intermediates\cstddef_tdp0bioogozi9132.module.json
d:\visual studio solutions\sdlgame2\sdlgame2\build\intermediates\cctype_rcpyh22rknjjcz3e.module.json
d:\visual studio solutions\sdlgame2\sdlgame2\build\intermediates\__msvc_formatter.hpp_fnr75w2u8vg9lbbx.module.json
d:\visual studio solutions\sdlgame2\sdlgame2\build\intermediates\compare_wdhidu5kgtduh5fv.module.json
d:\visual studio solutions\sdlgame2\sdlgame2\build\intermediates\xutility_u9dnjvdeuqyfioo0.module.json
d:\visual studio solutions\sdlgame2\sdlgame2\build\intermediates\cstdio_3husabq7qfwjx8ox.module.json
d:\visual studio solutions\sdlgame2\sdlgame2\build\intermediates\__msvc_string_view.hpp_9ipwb6ykcc8dipwu.module.json
d:\visual studio solutions\sdlgame2\sdlgame2\build\intermediates\__msvc_iter_core.hpp_5ebmpkkdjgv0mvot.module.json
d:\visual studio solutions\sdlgame2\sdlgame2\build\intermediates\cfloat_xps4xcn35gk03rcf.module.json
d:\visual studio solutions\sdlgame2\sdlgame2\build\intermediates\cstdlib_xvk4i8bd8u6hl03t.module.json
d:\visual studio solutions\sdlgame2\sdlgame2\build\intermediates\__msvc_sanitizer_annotate_container.hpp_yc3qx4ar96haus4v.module.json
d:\visual studio solutions\sdlgame2\sdlgame2\build\intermediates\xstring_d1capz80riav14zu.module.json
d:\visual studio solutions\sdlgame2\sdlgame2\build\intermediates\xatomic.h_n451fn2q6ssymoo8.module.json
d:\visual studio solutions\sdlgame2\sdlgame2\build\intermediates\game.cpp.module.json
d:\visual studio solutions\sdlgame2\sdlgame2\build\intermediates\game.hpp_a4401p12w1jtdhag.module.json
d:\visual studio solutions\sdlgame2\sdlgame2\build\intermediates\sdlgame2.iobj
d:\visual studio solutions\sdlgame2\sdlgame2\build\intermediates\vc145.pdb
d:\visual studio solutions\sdlgame2\sdlgame2\build\intermediates\sdlgame2.tlog\cl.command.1.tlog
d:\visual studio solutions\sdlgame2\sdlgame2\build\intermediates\sdlgame2.tlog\cl.items.tlog
d:\visual studio solutions\sdlgame2\sdlgame2\build\intermediates\sdlgame2.tlog\link.command.1.tlog
d:\visual studio solutions\sdlgame2\sdlgame2\build\intermediates\sdlgame2.tlog\link.read.1.tlog
d:\visual studio solutions\sdlgame2\sdlgame2\build\intermediates\sdlgame2.tlog\link.secondary.1.tlog
d:\visual studio solutions\sdlgame2\sdlgame2\build\intermediates\sdlgame2.tlog\link.write.1.tlog
d:\visual studio solutions\sdlgame2\sdlgame2\build\intermediates\sdlgame2.tlog\microsoft.build.cpptasks.cl.read.1.tlog
d:\visual studio solutions\sdlgame2\sdlgame2\build\intermediates\sdlgame2.tlog\microsoft.build.cpptasks.cl.write.1.tlog
d:\visual studio solutions\sdlgame2\sdlgame2\build\intermediates\sdlgame2_md.tlog\cl.command.1.tlog
d:\visual studio solutions\sdlgame2\sdlgame2\build\intermediates\sdlgame2_md.tlog\microsoft.build.cpptasks.cl.read.1.tlog
d:\visual studio solutions\sdlgame2\sdlgame2\build\intermediates\sdlgame2_md.tlog\microsoft.build.cpptasks.cl.write.1.tlog
